<?xml version="1.0" encoding="UTF-8"?>
<!-- Generated by org.testng.reporters.JUnitXMLReporter -->
<testsuite ignored="0" hostname="manish-singh" failures="0" tests="11" name="Default test" time="219.371" errors="0" timestamp="05 Feb 2019 20:19:30 GMT">
  <testcase classname="com.valentine.qa.test.Add2CartPageTest" name="validatesubmitBtnTest" time="2.165"/>
  <testcase classname="com.valentine.qa.test.Add2CartPageTest" name="validatesubmitBtnTest" time="2.224"/>
  <testcase classname="com.valentine.qa.test.Add2CartPageTest" name="validatesubmitBtnTest" time="2.254"/>
  <testcase classname="com.valentine.qa.test.Add2CartPageTest" name="validatesubmitBtnTest" time="2.179"/>
  <testcase classname="com.valentine.qa.test.Add2CartPageTest" name="validatesubmitBtnTest" time="2.349"/>
  <testcase classname="com.valentine.qa.test.Add2CartPageTest" name="validatesubmitBtnTest" time="2.521"/>
  <testcase classname="com.valentine.qa.test.Add2CartPageTest" name="validatesubmitBtnTest" time="2.413"/>
  <testcase classname="com.valentine.qa.test.Add2CartPageTest" name="validatesubmitBtnTest" time="6.046"/>
  <testcase classname="com.valentine.qa.test.Add2CartPageTest" name="validatesubmitBtnTest" time="6.415"/>
  <testcase classname="com.valentine.qa.test.Add2CartPageTest" name="validatesubmitBtnTest" time="6.364"/>
  <testcase classname="com.valentine.qa.test.Add2CartPageTest" name="validatesubmitBtnTest" time="6.185"/>
</testsuite> <!-- Default test -->
